<?xml version="1.0" encoding="UTF-8"?>
<testsuite name="TestSuite" time="11.55" tests="2" errors="0" skipped="0" failures="0">
  <properties>
    <property name="java.vendor" value="Oracle Corporation"/>
    <property name="JOB_NAME" value="inetBanking_V1_maven"/>
    <property name="PWD" value="/"/>
    <property name="sun.java.launcher" value="SUN_STANDARD"/>
    <property name="sun.management.compiler" value="HotSpot 64-Bit Tiered Compilers"/>
    <property name="JENKINS_HOME" value="/Users/rkalale/.jenkins"/>
    <property name="PATH" value="/Library/Java/JavaVirtualMachines/jdk1.8.0_201.jdk/Contents/Home//bin:/Users/rkalale/.nvm/versions/node/v10.16.3/bin:/usr/local/bin:/usr/bin:/bin:/usr/sbin:/sbin:/Library/Java/JavaVirtualMachines/jdk1.8.0_201.jdk/Contents/Home/bin:/usr/local/mysql/bin/:/Users/rkalale/Library/Android/sdk/tools:/Users/rkalale/Library/Android/sdk/tools/bin:/Users/rkalale/Library/Android/sdk/platform-tools:/usr/local/opt/mongodb-community@4.0/bin:/Users/rkalale/apache-maven-3.6.2/bin"/>
    <property name="HUDSON_SERVER_COOKIE" value="44f451374c58124a"/>
    <property name="NVM_DIR" value="/Users/rkalale/.nvm"/>
    <property name="POM_ARTIFACTID" value="inetBankingV1"/>
    <property name="os.name" value="Mac OS X"/>
    <property name="TERM_PROGRAM" value="Apple_Terminal"/>
    <property name="sun.boot.class.path" value="/Library/Java/JavaVirtualMachines/jdk1.8.0_201.jdk/Contents/Home/jre/lib/resources.jar:/Library/Java/JavaVirtualMachines/jdk1.8.0_201.jdk/Contents/Home/jre/lib/rt.jar:/Library/Java/JavaVirtualMachines/jdk1.8.0_201.jdk/Contents/Home/jre/lib/sunrsasign.jar:/Library/Java/JavaVirtualMachines/jdk1.8.0_201.jdk/Contents/Home/jre/lib/jsse.jar:/Library/Java/JavaVirtualMachines/jdk1.8.0_201.jdk/Contents/Home/jre/lib/jce.jar:/Library/Java/JavaVirtualMachines/jdk1.8.0_201.jdk/Contents/Home/jre/lib/charsets.jar:/Library/Java/JavaVirtualMachines/jdk1.8.0_201.jdk/Contents/Home/jre/lib/jfr.jar:/Library/Java/JavaVirtualMachines/jdk1.8.0_201.jdk/Contents/Home/jre/classes"/>
    <property name="EXECUTOR_NUMBER" value="0"/>
    <property name="TERM_SESSION_ID" value="6CDC15DF-0BE3-4E16-9468-70643A62BFFC"/>
    <property name="user.country.format" value="IN"/>
    <property name="java.vm.specification.vendor" value="Oracle Corporation"/>
    <property name="POM_DISPLAYNAME" value="inetBankingV1"/>
    <property name="NODE_LABELS" value="master"/>
    <property name="java.runtime.version" value="1.8.0_201-b09"/>
    <property name="NVM_BIN" value="/Users/rkalale/.nvm/versions/node/v10.16.3/bin"/>
    <property name="user.name" value="rkalale"/>
    <property name="guice.disable.misplaced.annotation.check" value="true"/>
    <property name="JAVA_MAIN_CLASS_10161" value="Main"/>
    <property name="user.language" value="en"/>
    <property name="JOB_BASE_NAME" value="inetBanking_V1_maven"/>
    <property name="RUN_CHANGES_DISPLAY_URL" value="http://localhost:8080/job/inetBanking_V1_maven/2/display/redirect?page=changes"/>
    <property name="COMMAND_MODE" value="unix2003"/>
    <property name="BUILD_DISPLAY_NAME" value="#2"/>
    <property name="TMPDIR" value="/var/folders/by/6wndhkv5231_nrk5nnfpx0d5grvknp/T/"/>
    <property name="sun.boot.library.path" value="/Library/Java/JavaVirtualMachines/jdk1.8.0_201.jdk/Contents/Home/jre/lib"/>
    <property name="java.version" value="1.8.0_201"/>
    <property name="XPC_FLAGS" value="0x0"/>
    <property name="user.timezone" value="Asia/Kolkata"/>
    <property name="sun.arch.data.model" value="64"/>
    <property name="NODE_NAME" value="master"/>
    <property name="TERM" value="xterm-256color"/>
    <property name="java.endorsed.dirs" value="/Library/Java/JavaVirtualMachines/jdk1.8.0_201.jdk/Contents/Home/jre/lib/endorsed"/>
    <property name="BUILD_ID" value="2"/>
    <property name="sun.cpu.isalist" value=""/>
    <property name="sun.jnu.encoding" value="UTF-8"/>
    <property name="file.encoding.pkg" value="sun.io"/>
    <property name="SHELL" value="/bin/bash"/>
    <property name="file.separator" value="/"/>
    <property name="java.specification.name" value="Java Platform API Specification"/>
    <property name="maven.conf" value="/Users/rkalale/apache-maven-3.6.2/conf"/>
    <property name="java.class.version" value="52.0"/>
    <property name="org.slf4j.simpleLogger.defaultLogLevel" value="info"/>
    <property name="user.country" value="GB"/>
    <property name="java.home" value="/Library/Java/JavaVirtualMachines/jdk1.8.0_201.jdk/Contents/Home/jre"/>
    <property name="java.vm.info" value="mixed mode"/>
    <property name="os.version" value="10.14.6"/>
    <property name="RUN_DISPLAY_URL" value="http://localhost:8080/job/inetBanking_V1_maven/2/display/redirect"/>
    <property name="POM_VERSION" value="0.0.1-SNAPSHOT"/>
    <property name="sun.font.fontmanager" value="sun.font.CFontManager"/>
    <property name="path.separator" value=":"/>
    <property name="java.vm.version" value="25.201-b09"/>
    <property name="JOB_DISPLAY_URL" value="http://localhost:8080/job/inetBanking_V1_maven/display/redirect"/>
    <property name="SHLVL" value="2"/>
    <property name="_" value="/usr/bin/Open"/>
    <property name="java.awt.printerjob" value="sun.lwawt.macosx.CPrinterJob"/>
    <property name="JAVA_HOME" value="/Library/Java/JavaVirtualMachines/jdk1.8.0_201.jdk/Contents/Home/"/>
    <property name="sun.io.unicode.encoding" value="UnicodeBig"/>
    <property name="awt.toolkit" value="sun.lwawt.macosx.LWCToolkit"/>
    <property name="LOGNAME" value="rkalale"/>
    <property name="POM_PACKAGING" value="jar"/>
    <property name="HOME" value="/Users/rkalale"/>
    <property name="POM_GROUPID" value="inetBankingV1"/>
    <property name="user.home" value="/Users/rkalale"/>
    <property name="BUILD_TAG" value="jenkins-inetBanking_V1_maven-2"/>
    <property name="JENKINS_SERVER_COOKIE" value="44f451374c58124a"/>
    <property name="HUDSON_URL" value="http://localhost:8080/"/>
    <property name="XPC_SERVICE_NAME" value="com.apple.xpc.launchd.oneshot.0x1000000b.jenkins"/>
    <property name="java.specification.vendor" value="Oracle Corporation"/>
    <property name="CLASSPATH" value=""/>
    <property name="java.vendor.url" value="http://java.oracle.com/"/>
    <property name="java.library.path" value="/Users/rkalale/Library/Java/Extensions:/Library/Java/Extensions:/Network/Library/Java/Extensions:/System/Library/Java/Extensions:/usr/lib/java:."/>
    <property name="NVM_CD_FLAGS" value=""/>
    <property name="Apple_PubSub_Socket_Render" value="/private/tmp/com.apple.launchd.LaIAHOCMVD/Render"/>
    <property name="gopherProxySet" value="false"/>
    <property name="java.vm.vendor" value="Oracle Corporation"/>
    <property name="java.runtime.name" value="Java(TM) SE Runtime Environment"/>
    <property name="maven.home" value="/Users/rkalale/apache-maven-3.6.2"/>
    <property name="java.class.path" value="/Users/rkalale/.jenkins/plugins/maven-plugin/WEB-INF/lib/maven35-agent-1.13.jar:/Users/rkalale/apache-maven-3.6.2/boot/plexus-classworlds-2.6.0.jar:/Users/rkalale/apache-maven-3.6.2/conf/logging"/>
    <property name="sun.java.command" value="jenkins.maven3.agent.Maven35Main /Users/rkalale/apache-maven-3.6.2/ /Users/rkalale/.jenkins/war/WEB-INF/lib/remoting-3.36.jar /Users/rkalale/.jenkins/plugins/maven-plugin/WEB-INF/lib/maven35-interceptor-1.13.jar /Users/rkalale/.jenkins/plugins/maven-plugin/WEB-INF/lib/maven3-interceptor-commons-1.13.jar 56868"/>
    <property name="java.vm.specification.name" value="Java Virtual Machine Specification"/>
    <property name="PATH+JDK" value="/Library/Java/JavaVirtualMachines/jdk1.8.0_201.jdk/Contents/Home//bin"/>
    <property name="java.vm.specification.version" value="1.8"/>
    <property name="sun.os.patch.level" value="unknown"/>
    <property name="sun.cpu.endian" value="little"/>
    <property name="M2_HOME" value="/Users/rkalale/apache-maven-3.6.2/"/>
    <property name="java.io.tmpdir" value="/var/folders/by/6wndhkv5231_nrk5nnfpx0d5grvknp/T/"/>
    <property name="HUDSON_HOME" value="/Users/rkalale/.jenkins"/>
    <property name="PATH+MAVEN" value="/Users/rkalale/apache-maven-3.6.2//bin"/>
    <property name="BUILD_URL" value="http://localhost:8080/job/inetBanking_V1_maven/2/"/>
    <property name="java.vendor.url.bug" value="http://bugreport.sun.com/bugreport/"/>
    <property name="SSH_AUTH_SOCK" value="/private/tmp/com.apple.launchd.foGNJYq4S7/Listeners"/>
    <property name="LC_CTYPE" value="UTF-8"/>
    <property name="java.awt.graphicsenv" value="sun.awt.CGraphicsEnvironment"/>
    <property name="os.arch" value="x86_64"/>
    <property name="java.ext.dirs" value="/Users/rkalale/Library/Java/Extensions:/Library/Java/JavaVirtualMachines/jdk1.8.0_201.jdk/Contents/Home/jre/lib/ext:/Library/Java/Extensions:/Network/Library/Java/Extensions:/System/Library/Java/Extensions:/usr/lib/java"/>
    <property name="__CF_USER_TEXT_ENCODING" value="0x5F8DCAB6:0:2"/>
    <property name="user.dir" value="/Users/rkalale/Documents/Edkal/inetBankingV1"/>
    <property name="JOB_URL" value="http://localhost:8080/job/inetBanking_V1_maven/"/>
    <property name="line.separator" value="&#10;"/>
    <property name="MAVEN_HOME" value="/Users/rkalale/apache-maven-3.6.2/"/>
    <property name="java.vm.name" value="Java HotSpot(TM) 64-Bit Server VM"/>
    <property name="BUILD_NUMBER" value="2"/>
    <property name="ANDROID_HOME" value="/Users/rkalale/Library/Android/sdk"/>
    <property name="JENKINS_URL" value="http://localhost:8080/"/>
    <property name="TERM_PROGRAM_VERSION" value="421.2"/>
    <property name="file.encoding" value="UTF-8"/>
    <property name="maven3.interceptor" value="/Users/rkalale/.jenkins/plugins/maven-plugin/WEB-INF/lib/maven35-interceptor-1.13.jar"/>
    <property name="WORKSPACE" value="/Users/rkalale/.jenkins/workspace/inetBanking_V1_maven"/>
    <property name="maven3.interceptor.common" value="/Users/rkalale/.jenkins/plugins/maven-plugin/WEB-INF/lib/maven3-interceptor-commons-1.13.jar"/>
    <property name="java.specification.version" value="1.8"/>
    <property name="USER" value="rkalale"/>
  </properties>
  <testcase name="logiDDT" classname="com.inetBanking.testCases.TC_LoginTest_001" time="1.691"/>
  <testcase name="addNewCutomer" classname="com.inetBanking.testCases.TC_AddCustomerTest_003" time="9.859"/>
</testsuite>