<?xml version="1.0" encoding="UTF-8"?>
<!-- Generated by org.testng.reporters.JUnitReportReporter -->
<testsuite hostname="USBLRRKALALE1MB" failures="0" tests="1" name="com.inetBanking.testCases.TC_LoginTest_001" time="1.913" errors="0" timestamp="15 Nov 2019 10:54:29 GMT" skipped="0">
  <testcase classname="com.inetBanking.testCases.TC_LoginTest_001" name="logiDDT" time="1.913"/>
</testsuite> <!-- com.inetBanking.testCases.TC_LoginTest_001 -->
