<?xml version="1.0" encoding="UTF-8"?>
<!-- Generated by org.testng.reporters.JUnitReportReporter -->
<testsuite skipped="0" hostname="USBLRRKALALE1MB" name="com.inetBanking.testCases.TC_LoginTest_001" tests="1" failures="0" timestamp="18 Nov 2019 13:00:47 GMT" time="1.691" errors="0">
  <testcase name="logiDDT" time="1.691" classname="com.inetBanking.testCases.TC_LoginTest_001"/>
</testsuite> <!-- com.inetBanking.testCases.TC_LoginTest_001 -->
