<?xml version="1.0" encoding="UTF-8"?>
<!-- Generated by org.testng.reporters.JUnitReportReporter -->
<testsuite skipped="0" hostname="USBLRRKALALE1MB" name="com.inetBanking.testCases.TC_AddCustomerTest_003" tests="1" failures="0" timestamp="18 Nov 2019 13:00:47 GMT" time="9.859" errors="0">
  <testcase name="addNewCutomer" time="9.859" classname="com.inetBanking.testCases.TC_AddCustomerTest_003"/>
</testsuite> <!-- com.inetBanking.testCases.TC_AddCustomerTest_003 -->
